<?xml version="1.0" encoding="UTF-8"?>
<!-- Generated by org.testng.reporters.JUnitReportReporter -->
<testsuite hostname="DESKTOP-ESKN3FQ" failures="0" tests="4" name="TestRunner.TestRunner" time="223.997" errors="0" timestamp="2024-05-07T19:00:40 IST" skipped="0">
  <testcase classname="TestRunner.TestRunner" name="runScenario" time="1.368"/>
  <testcase classname="TestRunner.TestRunner" name="runScenario" time="96.579"/>
  <testcase classname="TestRunner.TestRunner" name="runScenario" time="53.920"/>
  <testcase classname="TestRunner.TestRunner" name="runScenario" time="72.130"/>
</testsuite> <!-- TestRunner.TestRunner -->
